<?xml version="1.0" encoding="UTF-8"?>
<!-- Generated by org.testng.reporters.JUnitXMLReporter -->
<testsuite ignored="0" hostname="Devil" failures="2" tests="2" name="Chrome" time="15.587" errors="0" timestamp="2022-07-22T19:38:13 IST">
  <testcase classname="testClassess.TestNGClass" name="softAssert" time="0.015">
    <failure type="java.lang.AssertionError" message="The following asserts failed:
	Failed1 :Both Results are Different expected [pqr] but found [abc]">
      <![CDATA[java.lang.AssertionError: The following asserts failed:
Failed1 :Both Results are Different expected [pqr] but found [abc]
at testClassess.TestNGClass.softAssert(TestNGClass.java:118)
at java.base/java.util.ArrayList.forEach(ArrayList.java:1511)
... Removed 29 stack frames]]>
    </failure>
  </testcase> <!-- softAssert -->
  <testcase classname="testClassess.TestNGClass" name="verification" time="5.341">
    <failure type="org.junit.ComparisonFailure" message="expected:&amp;lt;...source-demo.orangehr[]ive.com/index.php/da...&amp;gt; but was:&amp;lt;...source-demo.orangehr[ml]ive.com/index.php/da...&amp;gt;">
      <![CDATA[org.junit.ComparisonFailure: expected:<...source-demo.orangehr[]ive.com/index.php/da...> but was:<...source-demo.orangehr[ml]ive.com/index.php/da...>
at org.junit.Assert.assertEquals(Assert.java:115)
at org.junit.Assert.assertEquals(Assert.java:144)
at testClassess.TestNGClass.verification(TestNGClass.java:69)
at java.base/java.util.ArrayList.forEach(ArrayList.java:1511)
... Removed 27 stack frames]]>
    </failure>
  </testcase> <!-- verification -->
</testsuite> <!-- Chrome -->
